{
  "stats": {
    "suites": 1,
    "tests": 1,
    "passes": 1,
    "pending": 0,
    "failures": 0,
    "start": "2024-04-04T14:24:14.265Z",
    "end": "2024-04-04T14:24:44.476Z",
    "duration": 30211,
    "testsRegistered": 1,
    "passPercent": 100,
    "pendingPercent": 0,
    "other": 0,
    "hasOther": false,
    "skipped": 0,
    "hasSkipped": false
  },
  "results": [
    {
      "uuid": "899ca831-5bb5-483c-a849-eb784668ccb3",
      "title": "",
      "fullFile": "cypress\\e2e\\flow.cy.js",
      "file": "cypress\\e2e\\flow.cy.js",
      "beforeHooks": [],
      "afterHooks": [],
      "tests": [],
      "suites": [
        {
          "uuid": "28a6a9f8-16ae-4a50-9af8-04707d9be463",
          "title": "Clothing website Automation",
          "fullFile": "",
          "file": "",
          "beforeHooks": [],
          "afterHooks": [],
          "tests": [
            {
              "title": "Clothing website workflow",
              "fullTitle": "Clothing website Automation Clothing website workflow",
              "timedOut": null,
              "duration": 27620,
              "state": "passed",
              "speed": "slow",
              "pass": true,
              "fail": false,
              "pending": false,
              "context": null,
              "code": "cy.visit('https://automationexercise.com/');\ncy.url().should('include', 'automationexercise.com');\nhomePage.getLogo().should('be.visible');\nhomePage.scrollHalfPage();\nhomePage.getProduct(23).click();\nproductsPage.changeProductQuantity(30);\nproductsPage.getAddToCartButton().click();\nproductsPage.getGoToCartTextlink().click();\ncartPage.getProceedToCheckoutButton().click();\ncartPage.getRegisterLoginTextlink().click();\nregisterLoginPage.accountSignup('Test1', 'test108@yopmail.com');\nregisterLoginPage.signupWithInfo('testPsd', 'Test', '100', 'TestAdress 100', 'Uttar Pradesh', 'Agra', '15200', '1168525596');\nregisterLoginPage.getContinueButton().click();\nhomePage.getCartHeader().click();\ncartPage.getProceedToCheckoutButton().click();\ncartPage.placeOrder('Test comment');\npaymentPage.payWithCard('testName', '1234 1234 1234 1234', '999', '01', '2030');\npaymentPage.getContinueButton().click();\nhomePage.getLogoutHeader().click();\nregisterLoginPage.accountLogin('Test1', 'test101@yopmail.com');\nhomePage.getContactUsHeader().click();\ncontactUsPage.enterContactInfo('TestName', 'testemail@yopmail.com', 'subject', 'Test message');",
              "err": {},
              "uuid": "9c2f04af-3ddc-489c-b4d3-905aa7bf29a0",
              "parentUUID": "28a6a9f8-16ae-4a50-9af8-04707d9be463",
              "isHook": false,
              "skipped": false
            }
          ],
          "suites": [],
          "passes": [
            "9c2f04af-3ddc-489c-b4d3-905aa7bf29a0"
          ],
          "failures": [],
          "pending": [],
          "skipped": [],
          "duration": 27620,
          "root": false,
          "rootEmpty": false,
          "_timeout": 2000
        }
      ],
      "passes": [],
      "failures": [],
      "pending": [],
      "skipped": [],
      "duration": 0,
      "root": true,
      "rootEmpty": true,
      "_timeout": 2000
    }
  ],
  "meta": {
    "mocha": {
      "version": "7.0.1"
    },
    "mochawesome": {
      "options": {
        "quiet": false,
        "reportFilename": "mochawesome",
        "saveHtml": true,
        "saveJson": true,
        "consoleReporter": "spec",
        "useInlineDiffs": false,
        "code": true
      },
      "version": "7.1.3"
    },
    "marge": {
      "options": {
        "reportDir": "cypress/results"
      },
      "version": "6.2.0"
    }
  }
}